#
# There is insufficient memory for the Java Runtime Environment to continue.
# Native memory allocation (malloc) failed to allocate 827456 bytes for Chunk::new
# Possible reasons:
#   The system is out of physical RAM or swap space
#   In 32 bit mode, the process size limit was hit
# Possible solutions:
#   Reduce memory load on the system
#   Increase physical memory or swap space
#   Check if swap backing store is full
#   Use 64 bit Java on a 64 bit OS
#   Decrease Java heap size (-Xmx/-Xms)
#   Decrease number of Java threads
#   Decrease Java thread stack sizes (-Xss)
#   Set larger code cache with -XX:ReservedCodeCacheSize=
# This output file may be truncated or incomplete.
#
#  Out of Memory Error (allocation.cpp:390), pid=256, tid=8008
#
# JRE version: Java(TM) SE Runtime Environment (8.0_77-b03) (build 1.8.0_77-b03)
# Java VM: Java HotSpot(TM) 64-Bit Server VM (25.77-b03 mixed mode windows-amd64 compressed oops)
# Failed to write core dump. Minidumps are not enabled by default on client versions of Windows
#

---------------  T H R E A D  ---------------

Current thread (0x00000000147f1800):  JavaThread "C2 CompilerThread1" daemon [_thread_in_native, id=8008, stack(0x0000000015f30000,0x0000000016030000)]

Stack: [0x0000000015f30000,0x0000000016030000]
[error occurred during error reporting (printing stack bounds), id 0xc0000005]

Native frames: (J=compiled Java code, j=interpreted, Vv=VM code, C=native code)


Current CompileTask:
C2:   3181 1474   !   4       com.android.dx.cf.code.RopperMachine::run (1550 bytes)


---------------  P R O C E S S  ---------------

Java Threads: ( => current thread )
  0x0000000016171800 JavaThread "Service Thread" daemon [_thread_blocked, id=7796, stack(0x0000000016530000,0x0000000016630000)]
  0x000000001483e800 JavaThread "C1 CompilerThread2" daemon [_thread_blocked, id=6772, stack(0x0000000016030000,0x0000000016130000)]
=>0x00000000147f1800 JavaThread "C2 CompilerThread1" daemon [_thread_in_native, id=8008, stack(0x0000000015f30000,0x0000000016030000)]
  0x00000000147ee800 JavaThread "C2 CompilerThread0" daemon [_thread_in_native, id=7276, stack(0x0000000015e30000,0x0000000015f30000)]
  0x00000000147ec800 JavaThread "Attach Listener" daemon [_thread_blocked, id=7896, stack(0x0000000015d30000,0x0000000015e30000)]
  0x00000000147eb000 JavaThread "Signal Dispatcher" daemon [_thread_blocked, id=6500, stack(0x0000000015c30000,0x0000000015d30000)]
  0x000000000208a000 JavaThread "Finalizer" daemon [_thread_blocked, id=7420, stack(0x0000000015a40000,0x0000000015b40000)]
  0x000000000207f000 JavaThread "Reference Handler" daemon [_thread_blocked, id=1884, stack(0x0000000015940000,0x0000000015a40000)]
  0x0000000001f90800 JavaThread "main" [_thread_in_Java, id=7684, stack(0x0000000001e60000,0x0000000001f60000)]

Other Threads:
  0x00000000147b8000 VMThread [stack: 0x0000000015840000,0x0000000015940000] [id=6076]
  0x0000000016177000 WatcherThread [stack: 0x0000000016630000,0x0000000016730000] [id=6548]

VM state:not at safepoint (normal execution)

VM Mutex/Monitor currently owned by a thread: None

Heap:
 PSYoungGen      total 38400K, used 23233K [0x00000000eab00000, 0x00000000ef600000, 0x0000000100000000)
  eden space 33280K, 54% used [0x00000000eab00000,0x00000000ebcb2b10,0x00000000ecb80000)
  from space 5120K, 99% used [0x00000000ecb80000,0x00000000ed07dc88,0x00000000ed080000)
  to   space 5120K, 0% used [0x00000000ef100000,0x00000000ef100000,0x00000000ef600000)
 ParOldGen       total 87552K, used 1494K [0x00000000c0000000, 0x00000000c5580000, 0x00000000eab00000)
  object space 87552K, 1% used [0x00000000c0000000,0x00000000c0175af8,0x00000000c5580000)
 Metaspace       used 5603K, capacity 6768K, committed 7040K, reserved 1056768K
  class space    used 556K, capacity 616K, committed 640K, reserved 1048576K

Card table byte_map: [0x00000000114e0000,0x00000000116f0000] byte_map_base: 0x0000000010ee0000

Marking Bits: (ParMarkBitMap*) 0x000000005e0f0600
 Begin Bits: [0x0000000011c50000, 0x0000000012c50000)
 End Bits:   [0x0000000012c50000, 0x0000000013c50000)

Polling page: 0x0000000000600000

CodeCache: size=245760Kb used=6529Kb max_used=6547Kb free=239231Kb
 bounds [0x0000000002120000, 0x0000000002790000, 0x0000000011120000]
 total_blobs=1734 nmethods=1470 adapters=177
 compilation: enabled

Compilation events (10 events):
Event: 3.112 Thread 0x000000001483e800 1472       3       com.android.dx.ssa.back.FirstFitLocalCombiningAllocator::<init> (141 bytes)
Event: 3.113 Thread 0x000000001483e800 nmethod 1472 0x000000000277add0 code [0x000000000277b060, 0x000000000277c348]
Event: 3.114 Thread 0x000000001483e800 1473       3       com.android.dx.ssa.back.FirstFitLocalCombiningAllocator::allocateRegisters (37 bytes)
Event: 3.114 Thread 0x000000001483e800 nmethod 1473 0x000000000277ce10 code [0x000000000277d000, 0x000000000277d538]
Event: 3.123 Thread 0x00000000147f1800 nmethod 1431 0x0000000002780e90 code [0x0000000002781000, 0x0000000002781ad8]
Event: 3.123 Thread 0x00000000147f1800 1475       4       com.android.dx.cf.code.RopperMachine::getSources (264 bytes)
Event: 3.148 Thread 0x00000000147f1800 nmethod 1475 0x00000000027821d0 code [0x00000000027823c0, 0x0000000002782e78]
Event: 3.148 Thread 0x00000000147f1800 1474   !   4       com.android.dx.cf.code.RopperMachine::run (1550 bytes)
Event: 3.154 Thread 0x00000000147ee800 nmethod 1432 0x0000000002787190 code [0x00000000027873e0, 0x0000000002789068]
Event: 3.155 Thread 0x00000000147ee800 1476       4       com.android.dx.cf.code.ValueAwareMachine::run (1142 bytes)

GC Heap History (2 events):
Event: 1.884 GC heap before
{Heap before GC invocations=1 (full 0):
 PSYoungGen      total 38400K, used 33280K [0x00000000eab00000, 0x00000000ed580000, 0x0000000100000000)
  eden space 33280K, 100% used [0x00000000eab00000,0x00000000ecb80000,0x00000000ecb80000)
  from space 5120K, 0% used [0x00000000ed080000,0x00000000ed080000,0x00000000ed580000)
  to   space 5120K, 0% used [0x00000000ecb80000,0x00000000ecb80000,0x00000000ed080000)
 ParOldGen       total 87552K, used 0K [0x00000000c0000000, 0x00000000c5580000, 0x00000000eab00000)
  object space 87552K, 0% used [0x00000000c0000000,0x00000000c0000000,0x00000000c5580000)
 Metaspace       used 5524K, capacity 6704K, committed 6784K, reserved 1056768K
  class space    used 556K, capacity 616K, committed 640K, reserved 1048576K
Event: 1.978 GC heap after
Heap after GC invocations=1 (full 0):
 PSYoungGen      total 38400K, used 5111K [0x00000000eab00000, 0x00000000ef600000, 0x0000000100000000)
  eden space 33280K, 0% used [0x00000000eab00000,0x00000000eab00000,0x00000000ecb80000)
  from space 5120K, 99% used [0x00000000ecb80000,0x00000000ed07dc88,0x00000000ed080000)
  to   space 5120K, 0% used [0x00000000ef100000,0x00000000ef100000,0x00000000ef600000)
 ParOldGen       total 87552K, used 1494K [0x00000000c0000000, 0x00000000c5580000, 0x00000000eab00000)
  object space 87552K, 1% used [0x00000000c0000000,0x00000000c0175af8,0x00000000c5580000)
 Metaspace       used 5524K, capacity 6704K, committed 6784K, reserved 1056768K
  class space    used 556K, capacity 616K, committed 640K, reserved 1048576K
}

Deoptimization events (10 events):
Event: 1.622 Thread 0x0000000001f90800 Uncommon trap: reason=bimorphic action=maybe_recompile pc=0x00000000025f6764 method=com.android.dx.cf.code.BytecodeArray.parseInstruction(ILcom/android/dx/cf/code/BytecodeArray$Visitor;)I @ 2484
Event: 1.999 Thread 0x0000000001f90800 Uncommon trap: reason=bimorphic action=maybe_recompile pc=0x00000000025f947c method=com.android.dx.cf.code.BytecodeArray.parseInstruction(ILcom/android/dx/cf/code/BytecodeArray$Visitor;)I @ 2135
Event: 1.999 Thread 0x0000000001f90800 Uncommon trap: reason=bimorphic action=maybe_recompile pc=0x00000000025f947c method=com.android.dx.cf.code.BytecodeArray.parseInstruction(ILcom/android/dx/cf/code/BytecodeArray$Visitor;)I @ 2135
Event: 2.145 Thread 0x0000000001f90800 Uncommon trap: reason=unstable_if action=reinterpret pc=0x00000000026790c8 method=com.android.dx.ssa.SCCP.simulateBranch(Lcom/android/dx/ssa/SsaInsn;)V @ 53
Event: 2.812 Thread 0x0000000001f90800 Uncommon trap: reason=bimorphic action=maybe_recompile pc=0x00000000026f7144 method=com.android.dx.cf.code.BytecodeArray.parseInstruction(ILcom/android/dx/cf/code/BytecodeArray$Visitor;)I @ 907
Event: 2.812 Thread 0x0000000001f90800 Uncommon trap: reason=bimorphic action=maybe_recompile pc=0x00000000026f7144 method=com.android.dx.cf.code.BytecodeArray.parseInstruction(ILcom/android/dx/cf/code/BytecodeArray$Visitor;)I @ 907
Event: 2.855 Thread 0x0000000001f90800 Uncommon trap: reason=bimorphic action=maybe_recompile pc=0x00000000023bba2c method=java.util.HashMap.getNode(ILjava/lang/Object;)Ljava/util/HashMap$Node; @ 126
Event: 2.855 Thread 0x0000000001f90800 Uncommon trap: reason=bimorphic action=maybe_recompile pc=0x00000000023bba2c method=java.util.HashMap.getNode(ILjava/lang/Object;)Ljava/util/HashMap$Node; @ 126
Event: 3.038 Thread 0x0000000001f90800 Uncommon trap: reason=bimorphic action=maybe_recompile pc=0x00000000023bba2c method=java.util.HashMap.getNode(ILjava/lang/Object;)Ljava/util/HashMap$Node; @ 126
Event: 3.038 Thread 0x0000000001f90800 Uncommon trap: reason=bimorphic action=maybe_recompile pc=0x00000000023bba2c method=java.util.HashMap.getNode(ILjava/lang/Object;)Ljava/util/HashMap$Node; @ 126

Internal exceptions (3 events):
Event: 0.052 Thread 0x0000000001f90800 Exception <a 'java/lang/NoSuchMethodError': Method sun.misc.Unsafe.defineClass(Ljava/lang/String;[BII)Ljava/lang/Class; name or signature does not match> (0x00000000eab07cc0) thrown at [D:\re\workspace\8-2-build-windows-amd64-cygwin\jdk8u77\6540\hotspot\sr6˝r&Åx™?
Event: 0.052 Thread 0x0000000001f90800 Exception <a 'java/lang/NoSuchMethodError': Method sun.misc.Unsafe.prefetchRead(Ljava/lang/Object;J)V name or signature does not match> (0x00000000eab07fa8) thrown at [D:\re\workspace\8-2-build-windows-amd64-cygwin\jdk8u77\6540\hotspot\src\share\vm\prims\jÆÔÔF*¿Ò?
Event: 1.109 Thread 0x0000000001f90800 Implicit null exception at 0x000000000244a7e2 to 0x000000000244a8da

Events (10 events):
Event: 2.855 Thread 0x0000000001f90800 DEOPT UNPACKING pc=0x000000000216582a sp=0x0000000001f5e7d8 mode 2
Event: 2.855 Thread 0x0000000001f90800 Uncommon trap: trap_request=0xffffffc6 fr.pc=0x00000000023bba2c
Event: 2.855 Thread 0x0000000001f90800 DEOPT PACKING pc=0x00000000023bba2c sp=0x0000000001f5e8c0
Event: 2.855 Thread 0x0000000001f90800 DEOPT UNPACKING pc=0x000000000216582a sp=0x0000000001f5e7d8 mode 2
Event: 3.038 Thread 0x0000000001f90800 Uncommon trap: trap_request=0xffffffc6 fr.pc=0x00000000023bba2c
Event: 3.038 Thread 0x0000000001f90800 DEOPT PACKING pc=0x00000000023bba2c sp=0x0000000001f5e8c0
Event: 3.038 Thread 0x0000000001f90800 DEOPT UNPACKING pc=0x000000000216582a sp=0x0000000001f5e7d8 mode 2
Event: 3.038 Thread 0x0000000001f90800 Uncommon trap: trap_request=0xffffffc6 fr.pc=0x00000000023bba2c
Event: 3.038 Thread 0x0000000001f90800 DEOPT PACKING pc=0x00000000023bba2c sp=0x0000000001f5e8c0
Event: 3.038 Thread 0x0000000001f90800 DEOPT UNPACKING pc=0x000000000216582a sp=0x0000000001f5e7d8 mode 2


Dynamic libraries:
0x00007ff7bb2f0000 - 0x00007ff7bb327000 	C:\Program Files\Java\jdk1.8.0_77\bin\java.exe
0x00007ff81d490000 - 0x00007ff81d652000 	C:\Windows\SYSTEM32\ntdll.dll
0x00007ff81acb0000 - 0x00007ff81ad5d000 	C:\Windows\system32\KERNEL32.DLL
0x00007ff81a310000 - 0x00007ff81a4ed000 	C:\Windows\system32\KERNELBASE.dll
0x00007ff81ad60000 - 0x00007ff81ae06000 	C:\Windows\system32\ADVAPI32.dll
0x00007ff81ae10000 - 0x00007ff81aead000 	C:\Windows\system32\msvcrt.dll
0x00007ff81beb0000 - 0x00007ff81bf0b000 	C:\Windows\system32\sechost.dll
0x00007ff81bbd0000 - 0x00007ff81bcf6000 	C:\Windows\system32\RPCRT4.dll
0x00007ff81ab60000 - 0x00007ff81acae000 	C:\Windows\system32\USER32.dll
0x00007ff81b370000 - 0x00007ff81b4f6000 	C:\Windows\system32\GDI32.dll
0x00007ff815560000 - 0x00007ff8157d4000 	C:\Windows\WinSxS\amd64_microsoft.windows.common-controls_6595b64144ccf1df_6.0.10240.16384_none_f41f7b285750ef43\COMCTL32.dll
0x00007ff81ab20000 - 0x00007ff81ab56000 	C:\Windows\system32\IMM32.DLL
0x00007ff81b780000 - 0x00007ff81b8dc000 	C:\Windows\system32\MSCTF.dll
0x000000005e170000 - 0x000000005e242000 	C:\Program Files\Java\jdk1.8.0_77\jre\bin\msvcr100.dll
0x000000005d8e0000 - 0x000000005e170000 	C:\Program Files\Java\jdk1.8.0_77\jre\bin\server\jvm.dll
0x00007ff81baa0000 - 0x00007ff81baa8000 	C:\Windows\system32\PSAPI.DLL
0x00007ff817d80000 - 0x00007ff817d89000 	C:\Windows\SYSTEM32\WSOCK32.dll
0x00007ff81b9d0000 - 0x00007ff81ba39000 	C:\Windows\system32\WS2_32.dll
0x00007ff81d480000 - 0x00007ff81d488000 	C:\Windows\system32\NSI.dll
0x00007ff817fd0000 - 0x00007ff817ff3000 	C:\Windows\SYSTEM32\WINMM.dll
0x00007ff8157e0000 - 0x00007ff8157ea000 	C:\Windows\SYSTEM32\VERSION.dll
0x00007ff817f70000 - 0x00007ff817f9c000 	C:\Windows\SYSTEM32\WINMMBASE.dll
0x00007ff81a200000 - 0x00007ff81a244000 	C:\Windows\system32\cfgmgr32.dll
0x00007ff818750000 - 0x00007ff818777000 	C:\Windows\SYSTEM32\DEVOBJ.dll
0x000000005d8d0000 - 0x000000005d8df000 	C:\Program Files\Java\jdk1.8.0_77\jre\bin\verify.dll
0x000000005d8a0000 - 0x000000005d8c9000 	C:\Program Files\Java\jdk1.8.0_77\jre\bin\java.dll
0x000000005d880000 - 0x000000005d896000 	C:\Program Files\Java\jdk1.8.0_77\jre\bin\zip.dll
0x00007ff81bf10000 - 0x00007ff81d478000 	C:\Windows\system32\SHELL32.dll
0x00007ff81a4f0000 - 0x00007ff81ab18000 	C:\Windows\system32\windows.storage.dll
0x00007ff81b500000 - 0x00007ff81b77c000 	C:\Windows\system32\combase.dll
0x00007ff81b160000 - 0x00007ff81b1b1000 	C:\Windows\system32\shlwapi.dll
0x00007ff819ef0000 - 0x00007ff819eff000 	C:\Windows\system32\kernel.appcore.dll
0x00007ff81a250000 - 0x00007ff81a303000 	C:\Windows\system32\shcore.dll
0x00007ff819ea0000 - 0x00007ff819eea000 	C:\Windows\system32\powrprof.dll
0x00007ff819f00000 - 0x00007ff819f13000 	C:\Windows\system32\profapi.dll
0x00007ff81b0a0000 - 0x00007ff81b15e000 	C:\Windows\system32\OLEAUT32.dll

VM Arguments:
jvm_args: -Djava.awt.headless=true -Xmx1024M -Dfile.encoding=windows-1251 -Duser.country=RU -Duser.language=ru -Duser.variant 
java_command: com.android.dx.command.Main --dex --output C:\YandexDisk\rezerv\Android_studio_file\Android_studio_proecti\google_play\Help_number\HelpNumber\app\build\intermediates\pre-dexed\debug\com.google.android.gms-play-services-basement-8.4.0_7ab941466c8e59dad2c93999b601bad02c8bcc02.jar C:\YandexDisk\rezerv\Android_studio_file\Android_studio_proecti\google_play\Help_number\HelpNumber\app\build\intermediates\exploded-aar\com.google.android.gms\play-services-basement\8.4.0\jars\classes.jar
java_class_path (initial): C:\YandexDisk\rezerv\Android_studio_file\sdk\build-tools\20.0.0\lib\dx.jar
Launcher Type: SUN_STANDARD

Environment Variables:
JAVA_HOME=C:\Program Files\Java\jdk1.7.0_79
PATH=C:\ProgramData\Oracle\Java\javapath;C:\Windows\system32;C:\Windows;C:\Windows\System32\Wbem;C:\Windows\System32\WindowsPowerShell\v1.0\;C:\Program Files (x86)\Skype\Phone\;C:\Program Files (x86)\NVIDIA Corporation\PhysX\Common
USERNAME=Admin
OS=Windows_NT
PROCESSOR_IDENTIFIER=Intel64 Family 6 Model 61 Stepping 4, GenuineIntel



---------------  S Y S T E M  ---------------

OS: Windows 10.0 , 64 bit Build 10240 (10.0.10240.16384)

CPU:total 4 (2 cores per cpu, 2 threads per core) family 6 model 61 stepping 4, cmov, cx8, fxsr, mmx, sse, sse2, sse3, ssse3, sse4.1, sse4.2, popcnt, avx, avx2, aes, clmul, erms, 3dnowpref, lzcnt, ht, tsc, tscinvbit, bmi1, bmi2, adx

Memory: 4k page, physical 8297972k(1040432k free), swap 8297972k(5400k free)

vm_info: Java HotSpot(TM) 64-Bit Server VM (25.77-b03) for windows-amd64 JRE (1.8.0_77-b03), built on Mar 20 2016 22:01:33 by "java_re" with MS VC++ 10.0 (VS2010)

time: Sun May 15 18:56:11 2016
elapsed time: 3 seconds (0d 0h 0m 3s)

