#
# There is insufficient memory for the Java Runtime Environment to continue.
# Native memory allocation (malloc) failed to allocate 916176 bytes for Chunk::new
# Possible reasons:
#   The system is out of physical RAM or swap space
#   In 32 bit mode, the process size limit was hit
# Possible solutions:
#   Reduce memory load on the system
#   Increase physical memory or swap space
#   Check if swap backing store is full
#   Use 64 bit Java on a 64 bit OS
#   Decrease Java heap size (-Xmx/-Xms)
#   Decrease number of Java threads
#   Decrease Java thread stack sizes (-Xss)
#   Set larger code cache with -XX:ReservedCodeCacheSize=
# This output file may be truncated or incomplete.
#
#  Out of Memory Error (allocation.cpp:390), pid=3524, tid=6084
#
# JRE version: Java(TM) SE Runtime Environment (8.0_77-b03) (build 1.8.0_77-b03)
# Java VM: Java HotSpot(TM) 64-Bit Server VM (25.77-b03 mixed mode windows-amd64 compressed oops)
# Failed to write core dump. Minidumps are not enabled by default on client versions of Windows
#

---------------  T H R E A D  ---------------

Current thread (0x0000000014a41800):  JavaThread "C2 CompilerThread1" daemon [_thread_in_native, id=6084, stack(0x0000000016180000,0x0000000016280000)]

Stack: [0x0000000016180000,0x0000000016280000]
[error occurred during error reporting (printing stack bounds), id 0xc0000005]

Native frames: (J=compiled Java code, j=interpreted, Vv=VM code, C=native code)


Current CompileTask:
C2:   4916 1320       4       com.android.dx.ssa.SCCP::simulateBlock (54 bytes)


---------------  P R O C E S S  ---------------

Java Threads: ( => current thread )
  0x0000000016385000 JavaThread "Service Thread" daemon [_thread_blocked, id=5584, stack(0x0000000016780000,0x0000000016880000)]
  0x0000000014a9a800 JavaThread "C1 CompilerThread2" daemon [_thread_blocked, id=7460, stack(0x0000000016280000,0x0000000016380000)]
=>0x0000000014a41800 JavaThread "C2 CompilerThread1" daemon [_thread_in_native, id=6084, stack(0x0000000016180000,0x0000000016280000)]
  0x0000000014a3e800 JavaThread "C2 CompilerThread0" daemon [_thread_in_native, id=7580, stack(0x0000000016080000,0x0000000016180000)]
  0x0000000014a3c800 JavaThread "Attach Listener" daemon [_thread_blocked, id=4344, stack(0x0000000015f80000,0x0000000016080000)]
  0x0000000014a3b000 JavaThread "Signal Dispatcher" daemon [_thread_blocked, id=4504, stack(0x0000000015e80000,0x0000000015f80000)]
  0x0000000014a2a000 JavaThread "Finalizer" daemon [_thread_blocked, id=888, stack(0x0000000015c90000,0x0000000015d90000)]
  0x000000000235f000 JavaThread "Reference Handler" daemon [_thread_blocked, id=5732, stack(0x0000000015b90000,0x0000000015c90000)]
  0x0000000002270800 JavaThread "main" [_thread_in_Java, id=5896, stack(0x0000000002170000,0x0000000002270000)]

Other Threads:
  0x0000000014a08000 VMThread [stack: 0x0000000015a90000,0x0000000015b90000] [id=6664]
  0x0000000016393000 WatcherThread [stack: 0x0000000016880000,0x0000000016980000] [id=6416]

VM state:not at safepoint (normal execution)

VM Mutex/Monitor currently owned by a thread: None

Heap:
 PSYoungGen      total 38400K, used 6751K [0x00000000eab00000, 0x00000000ef600000, 0x0000000100000000)
  eden space 33280K, 4% used [0x00000000eab00000,0x00000000eac9ffb8,0x00000000ecb80000)
  from space 5120K, 99% used [0x00000000ecb80000,0x00000000ed078010,0x00000000ed080000)
  to   space 5120K, 0% used [0x00000000ef100000,0x00000000ef100000,0x00000000ef600000)
 ParOldGen       total 87552K, used 2012K [0x00000000c0000000, 0x00000000c5580000, 0x00000000eab00000)
  object space 87552K, 2% used [0x00000000c0000000,0x00000000c01f72b0,0x00000000c5580000)
 Metaspace       used 5306K, capacity 6704K, committed 6784K, reserved 1056768K
  class space    used 539K, capacity 616K, committed 640K, reserved 1048576K

Card table byte_map: [0x0000000011730000,0x0000000011940000] byte_map_base: 0x0000000011130000

Marking Bits: (ParMarkBitMap*) 0x000000005e0f0600
 Begin Bits: [0x0000000011ea0000, 0x0000000012ea0000)
 End Bits:   [0x0000000012ea0000, 0x0000000013ea0000)

Polling page: 0x0000000001fe0000

CodeCache: size=245760Kb used=5578Kb max_used=5589Kb free=240181Kb
 bounds [0x0000000002370000, 0x00000000028f0000, 0x0000000011370000]
 total_blobs=1578 nmethods=1321 adapters=170
 compilation: enabled

Compilation events (10 events):
Event: 4.876 Thread 0x0000000014a9a800 nmethod 1317 0x00000000028def50 code [0x00000000028df400, 0x00000000028e20f8]
Event: 4.877 Thread 0x0000000014a3e800 1319       4       com.android.dx.ssa.SsaBasicBlock::exitBlockFixup (58 bytes)
Event: 4.879 Thread 0x0000000014a41800 nmethod 1318 0x00000000028e78d0 code [0x00000000028e7a60, 0x00000000028e80f8]
Event: 4.879 Thread 0x0000000014a41800 1320       4       com.android.dx.ssa.SCCP::simulateBlock (54 bytes)
Event: 4.890 Thread 0x0000000014a3e800 nmethod 1319 0x00000000028e5550 code [0x00000000028e56c0, 0x00000000028e5df8]
Event: 4.891 Thread 0x0000000014a3e800 1321       4       java.util.ArrayList$SubList::removeRange (47 bytes)
Event: 4.895 Thread 0x0000000014a3e800 nmethod 1321 0x00000000028e4f50 code [0x00000000028e50a0, 0x00000000028e5318]
Event: 4.895 Thread 0x0000000014a3e800 1322       4       com.android.dx.ssa.SsaBasicBlock::scheduleMovesFromPhis (108 bytes)
Event: 4.896 Thread 0x0000000014a3e800 nmethod 1322 0x00000000028e8890 code [0x00000000028e89c0, 0x00000000028e8a78]
Event: 4.897 Thread 0x0000000014a3e800 1323       4       com.android.dx.ssa.back.SsaToRop$1::visitBlock (97 bytes)

GC Heap History (2 events):
Event: 4.657 GC heap before
{Heap before GC invocations=1 (full 0):
 PSYoungGen      total 38400K, used 33280K [0x00000000eab00000, 0x00000000ed580000, 0x0000000100000000)
  eden space 33280K, 100% used [0x00000000eab00000,0x00000000ecb80000,0x00000000ecb80000)
  from space 5120K, 0% used [0x00000000ed080000,0x00000000ed080000,0x00000000ed580000)
  to   space 5120K, 0% used [0x00000000ecb80000,0x00000000ecb80000,0x00000000ed080000)
 ParOldGen       total 87552K, used 0K [0x00000000c0000000, 0x00000000c5580000, 0x00000000eab00000)
  object space 87552K, 0% used [0x00000000c0000000,0x00000000c0000000,0x00000000c5580000)
 Metaspace       used 5301K, capacity 6704K, committed 6784K, reserved 1056768K
  class space    used 539K, capacity 616K, committed 640K, reserved 1048576K
Event: 4.863 GC heap after
Heap after GC invocations=1 (full 0):
 PSYoungGen      total 38400K, used 5088K [0x00000000eab00000, 0x00000000ef600000, 0x0000000100000000)
  eden space 33280K, 0% used [0x00000000eab00000,0x00000000eab00000,0x00000000ecb80000)
  from space 5120K, 99% used [0x00000000ecb80000,0x00000000ed078010,0x00000000ed080000)
  to   space 5120K, 0% used [0x00000000ef100000,0x00000000ef100000,0x00000000ef600000)
 ParOldGen       total 87552K, used 2012K [0x00000000c0000000, 0x00000000c5580000, 0x00000000eab00000)
  object space 87552K, 2% used [0x00000000c0000000,0x00000000c01f72b0,0x00000000c5580000)
 Metaspace       used 5301K, capacity 6704K, committed 6784K, reserved 1056768K
  class space    used 539K, capacity 616K, committed 640K, reserved 1048576K
}

Deoptimization events (10 events):
Event: 1.459 Thread 0x0000000002270800 Uncommon trap: reason=unstable_if action=reinterpret pc=0x00000000025be7c0 method=java.util.HashMap.getNode(ILjava/lang/Object;)Ljava/util/HashMap$Node; @ 62
Event: 1.501 Thread 0x0000000002270800 Uncommon trap: reason=unstable_if action=reinterpret pc=0x00000000025a0c48 method=java.lang.String.<init>([CII)V @ 18
Event: 1.748 Thread 0x0000000002270800 Uncommon trap: reason=unstable_if action=reinterpret pc=0x00000000026caf84 method=java.util.HashMap.getNode(ILjava/lang/Object;)Ljava/util/HashMap$Node; @ 129
Event: 2.397 Thread 0x0000000002270800 Uncommon trap: reason=bimorphic action=maybe_recompile pc=0x0000000002643d68 method=java.util.HashMap.getNode(ILjava/lang/Object;)Ljava/util/HashMap$Node; @ 126
Event: 2.397 Thread 0x0000000002270800 Uncommon trap: reason=class_check action=maybe_recompile pc=0x00000000027e9060 method=java.util.HashMap.putVal(ILjava/lang/Object;Ljava/lang/Object;ZZ)Ljava/lang/Object; @ 203
Event: 2.664 Thread 0x0000000002270800 Uncommon trap: reason=class_check action=maybe_recompile pc=0x00000000027e05b8 method=java.util.HashMap.putVal(ILjava/lang/Object;Ljava/lang/Object;ZZ)Ljava/lang/Object; @ 203
Event: 4.165 Thread 0x0000000002270800 Uncommon trap: reason=class_check action=maybe_recompile pc=0x0000000002866efc method=com.android.dx.cf.code.BytecodeArray.parseInstruction(ILcom/android/dx/cf/code/BytecodeArray$Visitor;)I @ 2002
Event: 4.165 Thread 0x0000000002270800 Uncommon trap: reason=class_check action=maybe_recompile pc=0x0000000002866efc method=com.android.dx.cf.code.BytecodeArray.parseInstruction(ILcom/android/dx/cf/code/BytecodeArray$Visitor;)I @ 2002
Event: 4.165 Thread 0x0000000002270800 Uncommon trap: reason=class_check action=maybe_recompile pc=0x0000000002866efc method=com.android.dx.cf.code.BytecodeArray.parseInstruction(ILcom/android/dx/cf/code/BytecodeArray$Visitor;)I @ 2002
Event: 4.275 Thread 0x0000000002270800 Uncommon trap: reason=unstable_if action=reinterpret pc=0x00000000028ae2a0 method=com.android.dx.rop.code.DexTranslationAdvice.requiresSourcesInOrder(Lcom/android/dx/rop/code/Rop;Lcom/android/dx/rop/code/RegisterSpecList;)Z @ 21

Internal exceptions (2 events):
Event: 0.055 Thread 0x0000000002270800 Exception <a 'java/lang/NoSuchMethodError': Method sun.misc.Unsafe.defineClass(Ljava/lang/String;[BII)Ljava/lang/Class; name or signature does not match> (0x00000000eab07cc0) thrown at [D:\re\workspace\8-2-build-windows-amd64-cygwin\jdk8u77\6540\hotspot\srÁ)5ü:¬?
Event: 0.055 Thread 0x0000000002270800 Exception <a 'java/lang/NoSuchMethodError': Method sun.misc.Unsafe.prefetchRead(Ljava/lang/Object;J)V name or signature does not match> (0x00000000eab07fa8) thrown at [D:\re\workspace\8-2-build-windows-amd64-cygwin\jdk8u77\6540\hotspot\src\share\vm\prims\j

Events (10 events):
Event: 4.165 Thread 0x0000000002270800 Uncommon trap: trap_request=0xffffffde fr.pc=0x0000000002866efc
Event: 4.165 Thread 0x0000000002270800 DEOPT PACKING pc=0x0000000002866efc sp=0x000000000226e7d0
Event: 4.165 Thread 0x0000000002270800 DEOPT UNPACKING pc=0x00000000023b582a sp=0x000000000226e738 mode 2
Event: 4.275 Thread 0x0000000002270800 Uncommon trap: trap_request=0xffffff65 fr.pc=0x00000000028ae2a0
Event: 4.275 Thread 0x0000000002270800 DEOPT PACKING pc=0x00000000028ae2a0 sp=0x000000000226e710
Event: 4.275 Thread 0x0000000002270800 DEOPT UNPACKING pc=0x00000000023b582a sp=0x000000000226e620 mode 2
Event: 4.282 Executing VM operation: EnableBiasedLocking
Event: 4.283 Executing VM operation: EnableBiasedLocking done
Event: 4.657 Executing VM operation: ParallelGCFailedAllocation
Event: 4.863 Executing VM operation: ParallelGCFailedAllocation done


Dynamic libraries:
0x00007ff7bb2f0000 - 0x00007ff7bb327000 	C:\Program Files\Java\jdk1.8.0_77\bin\java.exe
0x00007ff81d490000 - 0x00007ff81d652000 	C:\Windows\SYSTEM32\ntdll.dll
0x00007ff81acb0000 - 0x00007ff81ad5d000 	C:\Windows\system32\KERNEL32.DLL
0x00007ff81a310000 - 0x00007ff81a4ed000 	C:\Windows\system32\KERNELBASE.dll
0x00007ff81ad60000 - 0x00007ff81ae06000 	C:\Windows\system32\ADVAPI32.dll
0x00007ff81ae10000 - 0x00007ff81aead000 	C:\Windows\system32\msvcrt.dll
0x00007ff81beb0000 - 0x00007ff81bf0b000 	C:\Windows\system32\sechost.dll
0x00007ff81bbd0000 - 0x00007ff81bcf6000 	C:\Windows\system32\RPCRT4.dll
0x00007ff81ab60000 - 0x00007ff81acae000 	C:\Windows\system32\USER32.dll
0x00007ff81b370000 - 0x00007ff81b4f6000 	C:\Windows\system32\GDI32.dll
0x00007ff815560000 - 0x00007ff8157d4000 	C:\Windows\WinSxS\amd64_microsoft.windows.common-controls_6595b64144ccf1df_6.0.10240.16384_none_f41f7b285750ef43\COMCTL32.dll
0x00007ff81ab20000 - 0x00007ff81ab56000 	C:\Windows\system32\IMM32.DLL
0x00007ff81b780000 - 0x00007ff81b8dc000 	C:\Windows\system32\MSCTF.dll
0x000000005e170000 - 0x000000005e242000 	C:\Program Files\Java\jdk1.8.0_77\jre\bin\msvcr100.dll
0x000000005d8e0000 - 0x000000005e170000 	C:\Program Files\Java\jdk1.8.0_77\jre\bin\server\jvm.dll
0x00007ff81baa0000 - 0x00007ff81baa8000 	C:\Windows\system32\PSAPI.DLL
0x00007ff817d80000 - 0x00007ff817d89000 	C:\Windows\SYSTEM32\WSOCK32.dll
0x00007ff81b9d0000 - 0x00007ff81ba39000 	C:\Windows\system32\WS2_32.dll
0x00007ff81d480000 - 0x00007ff81d488000 	C:\Windows\system32\NSI.dll
0x00007ff817fd0000 - 0x00007ff817ff3000 	C:\Windows\SYSTEM32\WINMM.dll
0x00007ff8157e0000 - 0x00007ff8157ea000 	C:\Windows\SYSTEM32\VERSION.dll
0x00007ff817f70000 - 0x00007ff817f9c000 	C:\Windows\SYSTEM32\WINMMBASE.dll
0x00007ff81a200000 - 0x00007ff81a244000 	C:\Windows\system32\cfgmgr32.dll
0x00007ff818750000 - 0x00007ff818777000 	C:\Windows\SYSTEM32\DEVOBJ.dll
0x000000005d8d0000 - 0x000000005d8df000 	C:\Program Files\Java\jdk1.8.0_77\jre\bin\verify.dll
0x000000005d8a0000 - 0x000000005d8c9000 	C:\Program Files\Java\jdk1.8.0_77\jre\bin\java.dll
0x000000005d880000 - 0x000000005d896000 	C:\Program Files\Java\jdk1.8.0_77\jre\bin\zip.dll
0x00007ff81bf10000 - 0x00007ff81d478000 	C:\Windows\system32\SHELL32.dll
0x00007ff81a4f0000 - 0x00007ff81ab18000 	C:\Windows\system32\windows.storage.dll
0x00007ff81b500000 - 0x00007ff81b77c000 	C:\Windows\system32\combase.dll
0x00007ff81b160000 - 0x00007ff81b1b1000 	C:\Windows\system32\shlwapi.dll
0x00007ff819ef0000 - 0x00007ff819eff000 	C:\Windows\system32\kernel.appcore.dll
0x00007ff81a250000 - 0x00007ff81a303000 	C:\Windows\system32\shcore.dll
0x00007ff819ea0000 - 0x00007ff819eea000 	C:\Windows\system32\powrprof.dll
0x00007ff819f00000 - 0x00007ff819f13000 	C:\Windows\system32\profapi.dll
0x00007ff81b0a0000 - 0x00007ff81b15e000 	C:\Windows\system32\OLEAUT32.dll

VM Arguments:
jvm_args: -Djava.awt.headless=true -Xmx1024M -Dfile.encoding=windows-1251 -Duser.country=RU -Duser.language=ru -Duser.variant 
java_command: com.android.dx.command.Main --dex --output C:\YandexDisk\rezerv\Android_studio_file\Android_studio_proecti\google_play\Help_number\HelpNumber\app\build\intermediates\pre-dexed\debug\debug_cfecafef7fc599137254e35db8dbea21fd72e46f.jar C:\YandexDisk\rezerv\Android_studio_file\Android_studio_proecti\google_play\Help_number\HelpNumber\app\build\intermediates\classes\debug
java_class_path (initial): C:\YandexDisk\rezerv\Android_studio_file\sdk\build-tools\20.0.0\lib\dx.jar
Launcher Type: SUN_STANDARD

Environment Variables:
JAVA_HOME=C:\Program Files\Java\jdk1.7.0_79
PATH=C:\ProgramData\Oracle\Java\javapath;C:\Windows\system32;C:\Windows;C:\Windows\System32\Wbem;C:\Windows\System32\WindowsPowerShell\v1.0\;C:\Program Files (x86)\Skype\Phone\;C:\Program Files (x86)\NVIDIA Corporation\PhysX\Common
USERNAME=Admin
OS=Windows_NT
PROCESSOR_IDENTIFIER=Intel64 Family 6 Model 61 Stepping 4, GenuineIntel



---------------  S Y S T E M  ---------------

OS: Windows 10.0 , 64 bit Build 10240 (10.0.10240.16384)

CPU:total 4 (2 cores per cpu, 2 threads per core) family 6 model 61 stepping 4, cmov, cx8, fxsr, mmx, sse, sse2, sse3, ssse3, sse4.1, sse4.2, popcnt, avx, avx2, aes, clmul, erms, 3dnowpref, lzcnt, ht, tsc, tscinvbit, bmi1, bmi2, adx

Memory: 4k page, physical 8297972k(1798868k free), swap 8297972k(5148k free)

vm_info: Java HotSpot(TM) 64-Bit Server VM (25.77-b03) for windows-amd64 JRE (1.8.0_77-b03), built on Mar 20 2016 22:01:33 by "java_re" with MS VC++ 10.0 (VS2010)

time: Sun May 15 19:21:50 2016
elapsed time: 4 seconds (0d 0h 0m 4s)

