#
# There is insufficient memory for the Java Runtime Environment to continue.
# Native memory allocation (malloc) failed to allocate 828656 bytes for Chunk::new
# Possible reasons:
#   The system is out of physical RAM or swap space
#   In 32 bit mode, the process size limit was hit
# Possible solutions:
#   Reduce memory load on the system
#   Increase physical memory or swap space
#   Check if swap backing store is full
#   Use 64 bit Java on a 64 bit OS
#   Decrease Java heap size (-Xmx/-Xms)
#   Decrease number of Java threads
#   Decrease Java thread stack sizes (-Xss)
#   Set larger code cache with -XX:ReservedCodeCacheSize=
# This output file may be truncated or incomplete.
#
#  Out of Memory Error (allocation.cpp:390), pid=5548, tid=6528
#
# JRE version: Java(TM) SE Runtime Environment (8.0_77-b03) (build 1.8.0_77-b03)
# Java VM: Java HotSpot(TM) 64-Bit Server VM (25.77-b03 mixed mode windows-amd64 compressed oops)
# Failed to write core dump. Minidumps are not enabled by default on client versions of Windows
#

---------------  T H R E A D  ---------------

Current thread (0x0000000015782800):  JavaThread "C2 CompilerThread1" daemon [_thread_in_native, id=6528, stack(0x0000000016ee0000,0x0000000016fe0000)]

Stack: [0x0000000016ee0000,0x0000000016fe0000]
[error occurred during error reporting (printing stack bounds), id 0xc0000005]

Native frames: (J=compiled Java code, j=interpreted, Vv=VM code, C=native code)


Current CompileTask:
C2:   4564 1386       4       com.android.dx.ssa.SCCP::simulatePhi (169 bytes)


---------------  P R O C E S S  ---------------

Java Threads: ( => current thread )
  0x0000000017118800 JavaThread "Service Thread" daemon [_thread_blocked, id=5776, stack(0x00000000174e0000,0x00000000175e0000)]
  0x0000000015789800 JavaThread "C1 CompilerThread2" daemon [_thread_blocked, id=7568, stack(0x0000000016fe0000,0x00000000170e0000)]
=>0x0000000015782800 JavaThread "C2 CompilerThread1" daemon [_thread_in_native, id=6528, stack(0x0000000016ee0000,0x0000000016fe0000)]
  0x000000001577f800 JavaThread "C2 CompilerThread0" daemon [_thread_in_native, id=4356, stack(0x0000000016de0000,0x0000000016ee0000)]
  0x000000001577d800 JavaThread "Attach Listener" daemon [_thread_blocked, id=2332, stack(0x0000000016ce0000,0x0000000016de0000)]
  0x000000001577c000 JavaThread "Signal Dispatcher" daemon [_thread_blocked, id=2872, stack(0x0000000016be0000,0x0000000016ce0000)]
  0x000000001576a800 JavaThread "Finalizer" daemon [_thread_blocked, id=7392, stack(0x00000000169f0000,0x0000000016af0000)]
  0x0000000015749000 JavaThread "Reference Handler" daemon [_thread_blocked, id=1684, stack(0x00000000168f0000,0x00000000169f0000)]
  0x0000000002fb0800 JavaThread "main" [_thread_in_Java, id=8012, stack(0x0000000002eb0000,0x0000000002fb0000)]

Other Threads:
  0x0000000015747000 VMThread [stack: 0x00000000167f0000,0x00000000168f0000] [id=6016]
  0x0000000017135000 WatcherThread [stack: 0x00000000175e0000,0x00000000176e0000] [id=5664]

VM state:not at safepoint (normal execution)

VM Mutex/Monitor currently owned by a thread: None

Heap:
 PSYoungGen      total 38400K, used 12080K [0x00000000eab00000, 0x00000000ed580000, 0x0000000100000000)
  eden space 33280K, 20% used [0x00000000eab00000,0x00000000eb1d2620,0x00000000ecb80000)
  from space 5120K, 99% used [0x00000000ecb80000,0x00000000ed079c98,0x00000000ed080000)
  to   space 5120K, 0% used [0x00000000ed080000,0x00000000ed080000,0x00000000ed580000)
 ParOldGen       total 87552K, used 1460K [0x00000000c0000000, 0x00000000c5580000, 0x00000000eab00000)
  object space 87552K, 1% used [0x00000000c0000000,0x00000000c016d250,0x00000000c5580000)
 Metaspace       used 5538K, capacity 6704K, committed 6784K, reserved 1056768K
  class space    used 559K, capacity 616K, committed 640K, reserved 1048576K

Card table byte_map: [0x0000000012470000,0x0000000012680000] byte_map_base: 0x0000000011e70000

Marking Bits: (ParMarkBitMap*) 0x000000005e0f0600
 Begin Bits: [0x0000000012be0000, 0x0000000013be0000)
 End Bits:   [0x0000000013be0000, 0x0000000014be0000)

Polling page: 0x0000000001730000

CodeCache: size=245760Kb used=5929Kb max_used=5946Kb free=239830Kb
 bounds [0x00000000030b0000, 0x0000000003690000, 0x00000000120b0000]
 total_blobs=1649 nmethods=1385 adapters=177
 compilation: enabled

Compilation events (10 events):
Event: 4.425 Thread 0x0000000015789800 1385       1       com.android.dx.ssa.back.FirstFitLocalCombiningAllocator$Multiset::getSize (5 bytes)
Event: 4.426 Thread 0x0000000015789800 nmethod 1385 0x00000000036719d0 code [0x0000000003671b20, 0x0000000003671c30]
Event: 4.436 Thread 0x0000000015789800 1387       3       com.android.dx.ssa.back.FirstFitLocalCombiningAllocator::handleCheckCastResults (413 bytes)
Event: 4.440 Thread 0x0000000015789800 nmethod 1387 0x0000000003675990 code [0x0000000003675f20, 0x0000000003679c78]
Event: 4.443 Thread 0x0000000015789800 1388       3       com.android.dx.util.ByteArray::<init> (9 bytes)
Event: 4.443 Thread 0x0000000015789800 nmethod 1388 0x000000000367c750 code [0x000000000367c8c0, 0x000000000367ca48]
Event: 4.443 Thread 0x0000000015789800 1389       3       com.android.dx.cf.code.ConcreteMethod::getMaxStack (8 bytes)
Event: 4.444 Thread 0x0000000015789800 nmethod 1389 0x000000000367cb10 code [0x000000000367cc60, 0x000000000367ce50]
Event: 4.513 Thread 0x0000000015782800 nmethod 1373 0x00000000036815d0 code [0x00000000036818c0, 0x00000000036832f0]
Event: 4.513 Thread 0x0000000015782800 1386       4       com.android.dx.ssa.SCCP::simulatePhi (169 bytes)

GC Heap History (2 events):
Event: 3.984 GC heap before
{Heap before GC invocations=1 (full 0):
 PSYoungGen      total 38400K, used 33280K [0x00000000eab00000, 0x00000000ed580000, 0x0000000100000000)
  eden space 33280K, 100% used [0x00000000eab00000,0x00000000ecb80000,0x00000000ecb80000)
  from space 5120K, 0% used [0x00000000ed080000,0x00000000ed080000,0x00000000ed580000)
  to   space 5120K, 0% used [0x00000000ecb80000,0x00000000ecb80000,0x00000000ed080000)
 ParOldGen       total 87552K, used 0K [0x00000000c0000000, 0x00000000c5580000, 0x00000000eab00000)
  object space 87552K, 0% used [0x00000000c0000000,0x00000000c0000000,0x00000000c5580000)
 Metaspace       used 5512K, capacity 6704K, committed 6784K, reserved 1056768K
  class space    used 559K, capacity 616K, committed 640K, reserved 1048576K
Event: 4.182 GC heap after
Heap after GC invocations=1 (full 0):
 PSYoungGen      total 38400K, used 5095K [0x00000000eab00000, 0x00000000ed580000, 0x0000000100000000)
  eden space 33280K, 0% used [0x00000000eab00000,0x00000000eab00000,0x00000000ecb80000)
  from space 5120K, 99% used [0x00000000ecb80000,0x00000000ed079c98,0x00000000ed080000)
  to   space 5120K, 0% used [0x00000000ed080000,0x00000000ed080000,0x00000000ed580000)
 ParOldGen       total 87552K, used 1460K [0x00000000c0000000, 0x00000000c5580000, 0x00000000eab00000)
  object space 87552K, 1% used [0x00000000c0000000,0x00000000c016d250,0x00000000c5580000)
 Metaspace       used 5512K, capacity 6704K, committed 6784K, reserved 1056768K
  class space    used 559K, capacity 616K, committed 640K, reserved 1048576K
}

Deoptimization events (10 events):
Event: 3.614 Thread 0x0000000002fb0800 Uncommon trap: reason=class_check action=maybe_recompile pc=0x00000000034bcc94 method=com.android.dx.rop.cst.CstLiteral32.equals(Ljava/lang/Object;)Z @ 20
Event: 3.958 Thread 0x0000000002fb0800 Uncommon trap: reason=unstable_if action=reinterpret pc=0x000000000362600c method=com.android.dx.ssa.MoveParamCombiner$1.visitNonMoveInsn(Lcom/android/dx/ssa/NormalSsaInsn;)V @ 27
Event: 3.962 Thread 0x0000000002fb0800 Uncommon trap: reason=unstable_if action=reinterpret pc=0x00000000036303c4 method=com.android.dx.rop.code.RegisterSpecSet.equals(Ljava/lang/Object;)Z @ 41
Event: 4.216 Thread 0x0000000002fb0800 Uncommon trap: reason=unstable_if action=reinterpret pc=0x0000000003621a04 method=com.android.dx.ssa.SCCP.simulateBranch(Lcom/android/dx/ssa/SsaInsn;)V @ 329
Event: 4.216 Thread 0x0000000002fb0800 Uncommon trap: reason=unloaded action=reinterpret pc=0x000000000356aad4 method=com.android.dx.ssa.LiteralOpUpgrader$1.visitNonMoveInsn(Lcom/android/dx/ssa/NormalSsaInsn;)V @ 72
Event: 4.217 Thread 0x0000000002fb0800 Uncommon trap: reason=unstable_if action=reinterpret pc=0x00000000034f7fdc method=com.android.dx.ssa.SsaMethod.updateOneDefinition(Lcom/android/dx/ssa/SsaInsn;Lcom/android/dx/rop/code/RegisterSpec;)V @ 4
Event: 4.331 Thread 0x0000000002fb0800 Uncommon trap: reason=unstable_if action=reinterpret pc=0x0000000003619228 method=com.android.dx.ssa.SCCP.simulateStmt(Lcom/android/dx/ssa/SsaInsn;)V @ 418
Event: 4.423 Thread 0x0000000002fb0800 Uncommon trap: reason=bimorphic action=maybe_recompile pc=0x00000000034ff268 method=com.android.dx.ssa.SCCP.simulatePhi(Lcom/android/dx/ssa/PhiInsn;)V @ 124
Event: 4.424 Thread 0x0000000002fb0800 Uncommon trap: reason=bimorphic action=maybe_recompile pc=0x00000000034ff268 method=com.android.dx.ssa.SCCP.simulatePhi(Lcom/android/dx/ssa/PhiInsn;)V @ 124
Event: 4.431 Thread 0x0000000002fb0800 Uncommon trap: reason=bimorphic action=maybe_recompile pc=0x00000000034ff268 method=com.android.dx.ssa.SCCP.simulatePhi(Lcom/android/dx/ssa/PhiInsn;)V @ 124

Internal exceptions (3 events):
Event: 0.079 Thread 0x0000000002fb0800 Exception <a 'java/lang/NoSuchMethodError': Method sun.misc.Unsafe.defineClass(Ljava/lang/String;[BII)Ljava/lang/Class; name or signature does not match> (0x00000000eab07cc0) thrown at [D:\re\workspace\8-2-build-windows-amd64-cygwin\jdk8u77\6540\hotspot\srL=®šQ´?
Event: 0.079 Thread 0x0000000002fb0800 Exception <a 'java/lang/NoSuchMethodError': Method sun.misc.Unsafe.prefetchRead(Ljava/lang/Object;J)V name or signature does not match> (0x00000000eab07fa8) thrown at [D:\re\workspace\8-2-build-windows-amd64-cygwin\jdk8u77\6540\hotspot\src\share\vm\prims\jØÍ”M0s@
Event: 2.181 Thread 0x0000000002fb0800 Implicit null exception at 0x00000000034121e2 to 0x00000000034122da

Events (10 events):
Event: 4.332 Executing VM operation: EnableBiasedLocking done
Event: 4.423 Thread 0x0000000002fb0800 Uncommon trap: trap_request=0xffffffc6 fr.pc=0x00000000034ff268
Event: 4.423 Thread 0x0000000002fb0800 DEOPT PACKING pc=0x00000000034ff268 sp=0x0000000002faea90
Event: 4.424 Thread 0x0000000002fb0800 DEOPT UNPACKING pc=0x00000000030f582a sp=0x0000000002faea48 mode 2
Event: 4.424 Thread 0x0000000002fb0800 Uncommon trap: trap_request=0xffffffc6 fr.pc=0x00000000034ff268
Event: 4.424 Thread 0x0000000002fb0800 DEOPT PACKING pc=0x00000000034ff268 sp=0x0000000002faea90
Event: 4.424 Thread 0x0000000002fb0800 DEOPT UNPACKING pc=0x00000000030f582a sp=0x0000000002faea48 mode 2
Event: 4.431 Thread 0x0000000002fb0800 Uncommon trap: trap_request=0xffffffc6 fr.pc=0x00000000034ff268
Event: 4.431 Thread 0x0000000002fb0800 DEOPT PACKING pc=0x00000000034ff268 sp=0x0000000002faea90
Event: 4.431 Thread 0x0000000002fb0800 DEOPT UNPACKING pc=0x00000000030f582a sp=0x0000000002faea48 mode 2


Dynamic libraries:
0x00007ff7bb2f0000 - 0x00007ff7bb327000 	C:\Program Files\Java\jdk1.8.0_77\bin\java.exe
0x00007ff81d490000 - 0x00007ff81d652000 	C:\Windows\SYSTEM32\ntdll.dll
0x00007ff81acb0000 - 0x00007ff81ad5d000 	C:\Windows\system32\KERNEL32.DLL
0x00007ff81a310000 - 0x00007ff81a4ed000 	C:\Windows\system32\KERNELBASE.dll
0x00007ff81ad60000 - 0x00007ff81ae06000 	C:\Windows\system32\ADVAPI32.dll
0x00007ff81ae10000 - 0x00007ff81aead000 	C:\Windows\system32\msvcrt.dll
0x00007ff81beb0000 - 0x00007ff81bf0b000 	C:\Windows\system32\sechost.dll
0x00007ff81bbd0000 - 0x00007ff81bcf6000 	C:\Windows\system32\RPCRT4.dll
0x00007ff81ab60000 - 0x00007ff81acae000 	C:\Windows\system32\USER32.dll
0x00007ff81b370000 - 0x00007ff81b4f6000 	C:\Windows\system32\GDI32.dll
0x00007ff815560000 - 0x00007ff8157d4000 	C:\Windows\WinSxS\amd64_microsoft.windows.common-controls_6595b64144ccf1df_6.0.10240.16384_none_f41f7b285750ef43\COMCTL32.dll
0x00007ff81ab20000 - 0x00007ff81ab56000 	C:\Windows\system32\IMM32.DLL
0x00007ff81b780000 - 0x00007ff81b8dc000 	C:\Windows\system32\MSCTF.dll
0x000000005e170000 - 0x000000005e242000 	C:\Program Files\Java\jdk1.8.0_77\jre\bin\msvcr100.dll
0x000000005d8e0000 - 0x000000005e170000 	C:\Program Files\Java\jdk1.8.0_77\jre\bin\server\jvm.dll
0x00007ff81baa0000 - 0x00007ff81baa8000 	C:\Windows\system32\PSAPI.DLL
0x00007ff817d80000 - 0x00007ff817d89000 	C:\Windows\SYSTEM32\WSOCK32.dll
0x00007ff81b9d0000 - 0x00007ff81ba39000 	C:\Windows\system32\WS2_32.dll
0x00007ff81d480000 - 0x00007ff81d488000 	C:\Windows\system32\NSI.dll
0x00007ff817fd0000 - 0x00007ff817ff3000 	C:\Windows\SYSTEM32\WINMM.dll
0x00007ff8157e0000 - 0x00007ff8157ea000 	C:\Windows\SYSTEM32\VERSION.dll
0x00007ff817f70000 - 0x00007ff817f9c000 	C:\Windows\SYSTEM32\WINMMBASE.dll
0x00007ff81a200000 - 0x00007ff81a244000 	C:\Windows\system32\cfgmgr32.dll
0x00007ff818750000 - 0x00007ff818777000 	C:\Windows\SYSTEM32\DEVOBJ.dll
0x000000005d8d0000 - 0x000000005d8df000 	C:\Program Files\Java\jdk1.8.0_77\jre\bin\verify.dll
0x000000005d8a0000 - 0x000000005d8c9000 	C:\Program Files\Java\jdk1.8.0_77\jre\bin\java.dll
0x000000005d880000 - 0x000000005d896000 	C:\Program Files\Java\jdk1.8.0_77\jre\bin\zip.dll
0x00007ff81bf10000 - 0x00007ff81d478000 	C:\Windows\system32\SHELL32.dll
0x00007ff81a4f0000 - 0x00007ff81ab18000 	C:\Windows\system32\windows.storage.dll
0x00007ff81b500000 - 0x00007ff81b77c000 	C:\Windows\system32\combase.dll
0x00007ff81b160000 - 0x00007ff81b1b1000 	C:\Windows\system32\shlwapi.dll
0x00007ff819ef0000 - 0x00007ff819eff000 	C:\Windows\system32\kernel.appcore.dll
0x00007ff81a250000 - 0x00007ff81a303000 	C:\Windows\system32\shcore.dll
0x00007ff819ea0000 - 0x00007ff819eea000 	C:\Windows\system32\powrprof.dll
0x00007ff819f00000 - 0x00007ff819f13000 	C:\Windows\system32\profapi.dll
0x00007ff81b0a0000 - 0x00007ff81b15e000 	C:\Windows\system32\OLEAUT32.dll

VM Arguments:
jvm_args: -Djava.awt.headless=true -Xmx1024M -Dfile.encoding=windows-1251 -Duser.country=RU -Duser.language=ru -Duser.variant 
java_command: com.android.dx.command.Main --dex --output C:\YandexDisk\rezerv\Android_studio_file\Android_studio_proecti\google_play\Help_number\HelpNumber\app\build\intermediates\pre-dexed\debug\com.google.android.gms-play-services-ads-8.4.0_242f1da67e46fb284651ece1c6dc580a47ce06f0.jar C:\YandexDisk\rezerv\Android_studio_file\Android_studio_proecti\google_play\Help_number\HelpNumber\app\build\intermediates\exploded-aar\com.google.android.gms\play-services-ads\8.4.0\jars\classes.jar
java_class_path (initial): C:\YandexDisk\rezerv\Android_studio_file\sdk\build-tools\20.0.0\lib\dx.jar
Launcher Type: SUN_STANDARD

Environment Variables:
JAVA_HOME=C:\Program Files\Java\jdk1.7.0_79
PATH=C:\ProgramData\Oracle\Java\javapath;C:\Windows\system32;C:\Windows;C:\Windows\System32\Wbem;C:\Windows\System32\WindowsPowerShell\v1.0\;C:\Program Files (x86)\Skype\Phone\;C:\Program Files (x86)\NVIDIA Corporation\PhysX\Common
USERNAME=Admin
OS=Windows_NT
PROCESSOR_IDENTIFIER=Intel64 Family 6 Model 61 Stepping 4, GenuineIntel



---------------  S Y S T E M  ---------------

OS: Windows 10.0 , 64 bit Build 10240 (10.0.10240.16384)

CPU:total 4 (2 cores per cpu, 2 threads per core) family 6 model 61 stepping 4, cmov, cx8, fxsr, mmx, sse, sse2, sse3, ssse3, sse4.1, sse4.2, popcnt, avx, avx2, aes, clmul, erms, 3dnowpref, lzcnt, ht, tsc, tscinvbit, bmi1, bmi2, adx

Memory: 4k page, physical 8297972k(2040224k free), swap 8297972k(5148k free)

vm_info: Java HotSpot(TM) 64-Bit Server VM (25.77-b03) for windows-amd64 JRE (1.8.0_77-b03), built on Mar 20 2016 22:01:33 by "java_re" with MS VC++ 10.0 (VS2010)

time: Sun May 15 19:23:03 2016
elapsed time: 4 seconds (0d 0h 0m 4s)

