#
# There is insufficient memory for the Java Runtime Environment to continue.
# Native memory allocation (malloc) failed to allocate 450032 bytes for Chunk::new
# Possible reasons:
#   The system is out of physical RAM or swap space
#   In 32 bit mode, the process size limit was hit
# Possible solutions:
#   Reduce memory load on the system
#   Increase physical memory or swap space
#   Check if swap backing store is full
#   Use 64 bit Java on a 64 bit OS
#   Decrease Java heap size (-Xmx/-Xms)
#   Decrease number of Java threads
#   Decrease Java thread stack sizes (-Xss)
#   Set larger code cache with -XX:ReservedCodeCacheSize=
# This output file may be truncated or incomplete.
#
#  Out of Memory Error (allocation.cpp:390), pid=5672, tid=6436
#
# JRE version: Java(TM) SE Runtime Environment (8.0_77-b03) (build 1.8.0_77-b03)
# Java VM: Java HotSpot(TM) 64-Bit Server VM (25.77-b03 mixed mode windows-amd64 compressed oops)
# Failed to write core dump. Minidumps are not enabled by default on client versions of Windows
#

---------------  T H R E A D  ---------------

Current thread (0x0000000014a11800):  JavaThread "C2 CompilerThread1" daemon [_thread_in_native, id=6436, stack(0x0000000016160000,0x0000000016260000)]

Stack: [0x0000000016160000,0x0000000016260000]
[error occurred during error reporting (printing stack bounds), id 0xc0000005]

Native frames: (J=compiled Java code, j=interpreted, Vv=VM code, C=native code)


Current CompileTask:
C2:   4966 1419       4       com.android.dx.ssa.SsaBasicBlock::newFromRop (183 bytes)


---------------  P R O C E S S  ---------------

Java Threads: ( => current thread )
  0x0000000016365000 JavaThread "Service Thread" daemon [_thread_blocked, id=2760, stack(0x0000000016760000,0x0000000016860000)]
  0x0000000014a6d800 JavaThread "C1 CompilerThread2" daemon [_thread_blocked, id=4916, stack(0x0000000016260000,0x0000000016360000)]
=>0x0000000014a11800 JavaThread "C2 CompilerThread1" daemon [_thread_in_native, id=6436, stack(0x0000000016160000,0x0000000016260000)]
  0x0000000014a0e800 JavaThread "C2 CompilerThread0" daemon [_thread_in_native, id=7400, stack(0x0000000016060000,0x0000000016160000)]
  0x0000000014a0c800 JavaThread "Attach Listener" daemon [_thread_blocked, id=5852, stack(0x0000000015f60000,0x0000000016060000)]
  0x0000000014a0b000 JavaThread "Signal Dispatcher" daemon [_thread_blocked, id=6520, stack(0x0000000015e60000,0x0000000015f60000)]
  0x00000000149fa800 JavaThread "Finalizer" daemon [_thread_blocked, id=7484, stack(0x0000000015c70000,0x0000000015d70000)]
  0x000000000232f000 JavaThread "Reference Handler" daemon [_thread_blocked, id=6176, stack(0x0000000015b70000,0x0000000015c70000)]
  0x0000000002240800 JavaThread "main" [_thread_in_vm, id=7852, stack(0x0000000002090000,0x0000000002190000)]

Other Threads:
  0x00000000149d8000 VMThread [stack: 0x0000000015a70000,0x0000000015b70000] [id=6952]
  0x000000001636a800 WatcherThread [stack: 0x0000000016860000,0x0000000016960000] [id=5180]

VM state:not at safepoint (normal execution)

VM Mutex/Monitor currently owned by a thread: None

Heap:
 PSYoungGen      total 38400K, used 10771K [0x00000000eab00000, 0x00000000ef600000, 0x0000000100000000)
  eden space 33280K, 16% used [0x00000000eab00000,0x00000000eb086260,0x00000000ecb80000)
  from space 5120K, 99% used [0x00000000ecb80000,0x00000000ed07eca8,0x00000000ed080000)
  to   space 5120K, 0% used [0x00000000ef100000,0x00000000ef100000,0x00000000ef600000)
 ParOldGen       total 87552K, used 1479K [0x00000000c0000000, 0x00000000c5580000, 0x00000000eab00000)
  object space 87552K, 1% used [0x00000000c0000000,0x00000000c0171e70,0x00000000c5580000)
 Metaspace       used 5605K, capacity 6768K, committed 7040K, reserved 1056768K
  class space    used 562K, capacity 616K, committed 640K, reserved 1048576K

Card table byte_map: [0x0000000011700000,0x0000000011910000] byte_map_base: 0x0000000011100000

Marking Bits: (ParMarkBitMap*) 0x000000005e0f0600
 Begin Bits: [0x0000000011e70000, 0x0000000012e70000)
 End Bits:   [0x0000000012e70000, 0x0000000013e70000)

Polling page: 0x0000000000550000

CodeCache: size=245760Kb used=6137Kb max_used=6150Kb free=239622Kb
 bounds [0x0000000002340000, 0x0000000002950000, 0x0000000011340000]
 total_blobs=1683 nmethods=1419 adapters=177
 compilation: enabled

Compilation events (10 events):
Event: 4.849 Thread 0x0000000014a6d800 1417       3       com.android.dx.rop.type.Prototype::compareTo (120 bytes)
Event: 4.850 Thread 0x0000000014a0e800 1413       4       com.android.dx.ssa.InterferenceRegisterMapper::interferes (78 bytes)
Event: 4.851 Thread 0x0000000014a6d800 nmethod 1417 0x00000000029426d0 code [0x00000000029428e0, 0x0000000002943778]
Event: 4.851 Thread 0x0000000014a11800 nmethod 1412 0x0000000002943e90 code [0x0000000002944020, 0x00000000029447a8]
Event: 4.851 Thread 0x0000000014a6d800 1418       3       java.util.Arrays::rangeCheck (74 bytes)
Event: 4.852 Thread 0x0000000014a6d800 nmethod 1418 0x0000000002939710 code [0x0000000002939960, 0x000000000293a6c8]
Event: 4.853 Thread 0x0000000014a0e800 nmethod 1413 0x00000000029327d0 code [0x0000000002932920, 0x0000000002932ab8]
Event: 4.855 Thread 0x0000000014a11800 1419       4       com.android.dx.ssa.SsaBasicBlock::newFromRop (183 bytes)
Event: 4.952 Thread 0x0000000014a0e800 1420       4       com.android.dx.ssa.DeadCodeRemover::pruneDeadInstructions (246 bytes)
Event: 4.964 Thread 0x0000000014a0e800 nmethod 1420 0x0000000002946c90 code [0x0000000002946e20, 0x0000000002947438]

GC Heap History (2 events):
Event: 4.277 GC heap before
{Heap before GC invocations=1 (full 0):
 PSYoungGen      total 38400K, used 33280K [0x00000000eab00000, 0x00000000ed580000, 0x0000000100000000)
  eden space 33280K, 100% used [0x00000000eab00000,0x00000000ecb80000,0x00000000ecb80000)
  from space 5120K, 0% used [0x00000000ed080000,0x00000000ed080000,0x00000000ed580000)
  to   space 5120K, 0% used [0x00000000ecb80000,0x00000000ecb80000,0x00000000ed080000)
 ParOldGen       total 87552K, used 0K [0x00000000c0000000, 0x00000000c5580000, 0x00000000eab00000)
  object space 87552K, 0% used [0x00000000c0000000,0x00000000c0000000,0x00000000c5580000)
 Metaspace       used 5542K, capacity 6704K, committed 6784K, reserved 1056768K
  class space    used 562K, capacity 616K, committed 640K, reserved 1048576K
Event: 4.361 GC heap after
Heap after GC invocations=1 (full 0):
 PSYoungGen      total 38400K, used 5115K [0x00000000eab00000, 0x00000000ef600000, 0x0000000100000000)
  eden space 33280K, 0% used [0x00000000eab00000,0x00000000eab00000,0x00000000ecb80000)
  from space 5120K, 99% used [0x00000000ecb80000,0x00000000ed07eca8,0x00000000ed080000)
  to   space 5120K, 0% used [0x00000000ef100000,0x00000000ef100000,0x00000000ef600000)
 ParOldGen       total 87552K, used 1479K [0x00000000c0000000, 0x00000000c5580000, 0x00000000eab00000)
  object space 87552K, 1% used [0x00000000c0000000,0x00000000c0171e70,0x00000000c5580000)
 Metaspace       used 5542K, capacity 6704K, committed 6784K, reserved 1056768K
  class space    used 562K, capacity 616K, committed 640K, reserved 1048576K
}

Deoptimization events (10 events):
Event: 1.713 Thread 0x0000000002240800 Uncommon trap: reason=class_check action=maybe_recompile pc=0x00000000025da9b0 method=com.android.dx.ssa.NormalSsaInsn.accept(Lcom/android/dx/ssa/SsaInsn$Visitor;)V @ 9
Event: 1.713 Thread 0x0000000002240800 Uncommon trap: reason=class_check action=maybe_recompile pc=0x00000000025da9b0 method=com.android.dx.ssa.NormalSsaInsn.accept(Lcom/android/dx/ssa/SsaInsn$Visitor;)V @ 9
Event: 1.713 Thread 0x0000000002240800 Uncommon trap: reason=class_check action=maybe_recompile pc=0x00000000025da9b0 method=com.android.dx.ssa.NormalSsaInsn.accept(Lcom/android/dx/ssa/SsaInsn$Visitor;)V @ 9
Event: 1.713 Thread 0x0000000002240800 Uncommon trap: reason=class_check action=maybe_recompile pc=0x00000000025da9b0 method=com.android.dx.ssa.NormalSsaInsn.accept(Lcom/android/dx/ssa/SsaInsn$Visitor;)V @ 9
Event: 2.070 Thread 0x0000000002240800 Uncommon trap: reason=unstable_if action=reinterpret pc=0x00000000026babb0 method=java.util.HashMap.getNode(ILjava/lang/Object;)Ljava/util/HashMap$Node; @ 129
Event: 2.072 Thread 0x0000000002240800 Uncommon trap: reason=unstable_if action=reinterpret pc=0x00000000025e0f38 method=java.util.HashMap.getNode(ILjava/lang/Object;)Ljava/util/HashMap$Node; @ 62
Event: 2.175 Thread 0x0000000002240800 Uncommon trap: reason=unstable_if action=reinterpret pc=0x000000000257c4f0 method=java.util.BitSet.nextSetBit(I)I @ 87
Event: 2.817 Thread 0x0000000002240800 Uncommon trap: reason=unstable_if action=reinterpret pc=0x000000000272dcdc method=com.android.dx.rop.cst.Constant.compareTo(Lcom/android/dx/rop/cst/Constant;)I @ 12
Event: 3.809 Thread 0x0000000002240800 Uncommon trap: reason=unstable_if action=reinterpret pc=0x00000000027fcdc8 method=com.android.dx.util.IntList.sort()V @ 8
Event: 4.517 Thread 0x0000000002240800 Uncommon trap: reason=unstable_if action=reinterpret pc=0x00000000028bc750 method=com.android.dx.ssa.SsaRenamer$BlockRenamer.visitMoveInsn(Lcom/android/dx/ssa/NormalSsaInsn;)V @ 104

Internal exceptions (2 events):
Event: 0.054 Thread 0x0000000002240800 Exception <a 'java/lang/NoSuchMethodError': Method sun.misc.Unsafe.defineClass(Ljava/lang/String;[BII)Ljava/lang/Class; name or signature does not match> (0x00000000eab07cc0) thrown at [D:\re\workspace\8-2-build-windows-amd64-cygwin\jdk8u77\6540\hotspot\srˆŽ«d‚À«?
Event: 0.054 Thread 0x0000000002240800 Exception <a 'java/lang/NoSuchMethodError': Method sun.misc.Unsafe.prefetchRead(Ljava/lang/Object;J)V name or signature does not match> (0x00000000eab07fa8) thrown at [D:\re\workspace\8-2-build-windows-amd64-cygwin\jdk8u77\6540\hotspot\src\share\vm\prims\j

Events (10 events):
Event: 3.988 Thread 0x0000000002240800 DEOPT UNPACKING pc=0x000000000238787f sp=0x000000000218e5c8 mode 0
Event: 4.002 Thread 0x0000000002240800 DEOPT PACKING pc=0x00000000027209fa sp=0x000000000218e7b0
Event: 4.002 Thread 0x0000000002240800 DEOPT UNPACKING pc=0x000000000238787f sp=0x000000000218e518 mode 0
Event: 4.273 loading class com/android/dx/cf/code/BytecodeArray$ConstantParserVisitor
Event: 4.273 loading class com/android/dx/cf/code/BytecodeArray$ConstantParserVisitor done
Event: 4.277 Executing VM operation: ParallelGCFailedAllocation
Event: 4.361 Executing VM operation: ParallelGCFailedAllocation done
Event: 4.517 Thread 0x0000000002240800 Uncommon trap: trap_request=0xffffff65 fr.pc=0x00000000028bc750
Event: 4.517 Thread 0x0000000002240800 DEOPT PACKING pc=0x00000000028bc750 sp=0x000000000218e830
Event: 4.517 Thread 0x0000000002240800 DEOPT UNPACKING pc=0x000000000238582a sp=0x000000000218e6c0 mode 2


Dynamic libraries:
0x00007ff7bb2f0000 - 0x00007ff7bb327000 	C:\Program Files\Java\jdk1.8.0_77\bin\java.exe
0x00007ff81d490000 - 0x00007ff81d652000 	C:\Windows\SYSTEM32\ntdll.dll
0x00007ff81acb0000 - 0x00007ff81ad5d000 	C:\Windows\system32\KERNEL32.DLL
0x00007ff81a310000 - 0x00007ff81a4ed000 	C:\Windows\system32\KERNELBASE.dll
0x00007ff81ad60000 - 0x00007ff81ae06000 	C:\Windows\system32\ADVAPI32.dll
0x00007ff81ae10000 - 0x00007ff81aead000 	C:\Windows\system32\msvcrt.dll
0x00007ff81beb0000 - 0x00007ff81bf0b000 	C:\Windows\system32\sechost.dll
0x00007ff81bbd0000 - 0x00007ff81bcf6000 	C:\Windows\system32\RPCRT4.dll
0x00007ff81ab60000 - 0x00007ff81acae000 	C:\Windows\system32\USER32.dll
0x00007ff81b370000 - 0x00007ff81b4f6000 	C:\Windows\system32\GDI32.dll
0x00007ff815560000 - 0x00007ff8157d4000 	C:\Windows\WinSxS\amd64_microsoft.windows.common-controls_6595b64144ccf1df_6.0.10240.16384_none_f41f7b285750ef43\COMCTL32.dll
0x00007ff81ab20000 - 0x00007ff81ab56000 	C:\Windows\system32\IMM32.DLL
0x00007ff81b780000 - 0x00007ff81b8dc000 	C:\Windows\system32\MSCTF.dll
0x000000005e170000 - 0x000000005e242000 	C:\Program Files\Java\jdk1.8.0_77\jre\bin\msvcr100.dll
0x000000005d8e0000 - 0x000000005e170000 	C:\Program Files\Java\jdk1.8.0_77\jre\bin\server\jvm.dll
0x00007ff81baa0000 - 0x00007ff81baa8000 	C:\Windows\system32\PSAPI.DLL
0x00007ff817d80000 - 0x00007ff817d89000 	C:\Windows\SYSTEM32\WSOCK32.dll
0x00007ff81b9d0000 - 0x00007ff81ba39000 	C:\Windows\system32\WS2_32.dll
0x00007ff81d480000 - 0x00007ff81d488000 	C:\Windows\system32\NSI.dll
0x00007ff817fd0000 - 0x00007ff817ff3000 	C:\Windows\SYSTEM32\WINMM.dll
0x00007ff8157e0000 - 0x00007ff8157ea000 	C:\Windows\SYSTEM32\VERSION.dll
0x00007ff817f70000 - 0x00007ff817f9c000 	C:\Windows\SYSTEM32\WINMMBASE.dll
0x00007ff81a200000 - 0x00007ff81a244000 	C:\Windows\system32\cfgmgr32.dll
0x00007ff818750000 - 0x00007ff818777000 	C:\Windows\SYSTEM32\DEVOBJ.dll
0x000000005d8d0000 - 0x000000005d8df000 	C:\Program Files\Java\jdk1.8.0_77\jre\bin\verify.dll
0x000000005d8a0000 - 0x000000005d8c9000 	C:\Program Files\Java\jdk1.8.0_77\jre\bin\java.dll
0x000000005d880000 - 0x000000005d896000 	C:\Program Files\Java\jdk1.8.0_77\jre\bin\zip.dll
0x00007ff81bf10000 - 0x00007ff81d478000 	C:\Windows\system32\SHELL32.dll
0x00007ff81a4f0000 - 0x00007ff81ab18000 	C:\Windows\system32\windows.storage.dll
0x00007ff81b500000 - 0x00007ff81b77c000 	C:\Windows\system32\combase.dll
0x00007ff81b160000 - 0x00007ff81b1b1000 	C:\Windows\system32\shlwapi.dll
0x00007ff819ef0000 - 0x00007ff819eff000 	C:\Windows\system32\kernel.appcore.dll
0x00007ff81a250000 - 0x00007ff81a303000 	C:\Windows\system32\shcore.dll
0x00007ff819ea0000 - 0x00007ff819eea000 	C:\Windows\system32\powrprof.dll
0x00007ff819f00000 - 0x00007ff819f13000 	C:\Windows\system32\profapi.dll
0x00007ff81b0a0000 - 0x00007ff81b15e000 	C:\Windows\system32\OLEAUT32.dll

VM Arguments:
jvm_args: -Djava.awt.headless=true -Xmx1024M -Dfile.encoding=windows-1251 -Duser.country=RU -Duser.language=ru -Duser.variant 
java_command: com.android.dx.command.Main --dex --output C:\YandexDisk\rezerv\Android_studio_file\Android_studio_proecti\google_play\Help_number\HelpNumber\app\build\intermediates\pre-dexed\debug\com.android.support-support-v4-23.0.0_b06ae9fc24d5bc4637f16539fedf9251848c9824.jar C:\YandexDisk\rezerv\Android_studio_file\Android_studio_proecti\google_play\Help_number\HelpNumber\app\build\intermediates\exploded-aar\com.android.support\support-v4\23.0.0\jars\classes.jar
java_class_path (initial): C:\YandexDisk\rezerv\Android_studio_file\sdk\build-tools\20.0.0\lib\dx.jar
Launcher Type: SUN_STANDARD

Environment Variables:
JAVA_HOME=C:\Program Files\Java\jdk1.7.0_79
PATH=C:\ProgramData\Oracle\Java\javapath;C:\Windows\system32;C:\Windows;C:\Windows\System32\Wbem;C:\Windows\System32\WindowsPowerShell\v1.0\;C:\Program Files (x86)\Skype\Phone\;C:\Program Files (x86)\NVIDIA Corporation\PhysX\Common
USERNAME=Admin
OS=Windows_NT
PROCESSOR_IDENTIFIER=Intel64 Family 6 Model 61 Stepping 4, GenuineIntel



---------------  S Y S T E M  ---------------

OS: Windows 10.0 , 64 bit Build 10240 (10.0.10240.16384)

CPU:total 4 (2 cores per cpu, 2 threads per core) family 6 model 61 stepping 4, cmov, cx8, fxsr, mmx, sse, sse2, sse3, ssse3, sse4.1, sse4.2, popcnt, avx, avx2, aes, clmul, erms, 3dnowpref, lzcnt, ht, tsc, tscinvbit, bmi1, bmi2, adx

Memory: 4k page, physical 8297972k(1799732k free), swap 8297972k(3856k free)

vm_info: Java HotSpot(TM) 64-Bit Server VM (25.77-b03) for windows-amd64 JRE (1.8.0_77-b03), built on Mar 20 2016 22:01:33 by "java_re" with MS VC++ 10.0 (VS2010)

time: Sun May 15 19:21:50 2016
elapsed time: 4 seconds (0d 0h 0m 4s)

